S=C=A=N: Mon Jan 13 18:28:13 2014: Collect start
./SWE_intel_release_none_fwavevec_vec -x 400 -y 400 -o output/test

*************************************************************
Welcome to SWE

SWE Copyright (C) 2012-2013
  Technische Universitaet Muenchen
  Department of Informatics
  Chair of Scientific Computing
  http://www5.in.tum.de/SWE

SWE comes with ABSOLUTELY NO WARRANTY.
SWE is free software, and you are welcome to redistribute it
under certain conditions.
Details can be found in the file 'gpl.txt'.
*************************************************************
[.0]EPIK: Activated ./epik_SWE_intel_release_none_fwavevec_vec_Ox1_trace [10000000 bytes]
Mon Jan 13 18:28:14 2014	Writing output file at time: 0 seconds

------------------------------------------------------------------
Mon Jan 13 18:28:15 2014	Everything is set up, starting the simulation.
------------------------------------------------------------------
Mon Jan 13 18:28:15 2014	Simulation at time: 0.0198006 seconds.
Mon Jan 13 18:28:15 2014	Simulation at time: 0.0394508 seconds.
Mon Jan 13 18:28:15 2014	Simulation at time: 0.059042 seconds.
Mon Jan 13 18:28:15 2014	Simulation at time: 0.0785981 seconds.
Mon Jan 13 18:28:15 2014	Simulation at time: 0.0981377 seconds.
Mon Jan 13 18:28:15 2014	Simulation at time: 0.11767 seconds.
Mon Jan 13 18:28:15 2014	Simulation at time: 0.137201 seconds.
Mon Jan 13 18:28:15 2014	Simulation at time: 0.156733 seconds.
Mon Jan 13 18:28:15 2014	Simulation at time: 0.176267 seconds.
Mon Jan 13 18:28:15 2014	Simulation at time: 0.195802 seconds.
Mon Jan 13 18:28:15 2014	Simulation at time: 0.215339 seconds.
Mon Jan 13 18:28:15 2014	Simulation at time: 0.234879 seconds.
Mon Jan 13 18:28:15 2014	Simulation at time: 0.254419 seconds.
Mon Jan 13 18:28:15 2014	Simulation at time: 0.273962 seconds.
Mon Jan 13 18:28:15 2014	Simulation at time: 0.293506 seconds.
Mon Jan 13 18:28:15 2014	Simulation at time: 0.313051 seconds.
Mon Jan 13 18:28:15 2014	Simulation at time: 0.332597 seconds.
Mon Jan 13 18:28:15 2014	Simulation at time: 0.352143 seconds.
Mon Jan 13 18:28:15 2014	Simulation at time: 0.371691 seconds.
Mon Jan 13 18:28:15 2014	Simulation at time: 0.391239 seconds.
Mon Jan 13 18:28:15 2014	Simulation at time: 0.41079 seconds.
Mon Jan 13 18:28:15 2014	Simulation at time: 0.430341 seconds.
Mon Jan 13 18:28:15 2014	Simulation at time: 0.449895 seconds.
Mon Jan 13 18:28:15 2014	Simulation at time: 0.469451 seconds.
Mon Jan 13 18:28:15 2014	Simulation at time: 0.489008 seconds.
Mon Jan 13 18:28:15 2014	Simulation at time: 0.508568 seconds.
Mon Jan 13 18:28:15 2014	Simulation at time: 0.528129 seconds.
Mon Jan 13 18:28:15 2014	Simulation at time: 0.547691 seconds.
Mon Jan 13 18:28:15 2014	Simulation at time: 0.567256 seconds.
Mon Jan 13 18:28:15 2014	Simulation at time: 0.586821 seconds.
Mon Jan 13 18:28:15 2014	Simulation at time: 0.606389 seconds.
Mon Jan 13 18:28:15 2014	Simulation at time: 0.625957 seconds.
Mon Jan 13 18:28:15 2014	Simulation at time: 0.645528 seconds.
Mon Jan 13 18:28:15 2014	Simulation at time: 0.6651 seconds.
Mon Jan 13 18:28:15 2014	Simulation at time: 0.684673 seconds.
Mon Jan 13 18:28:15 2014	Simulation at time: 0.704248 seconds.
Mon Jan 13 18:28:15 2014	Simulation at time: 0.723825 seconds.
Mon Jan 13 18:28:15 2014	Simulation at time: 0.743404 seconds.
Mon Jan 13 18:28:15 2014	Simulation at time: 0.762985 seconds.
Mon Jan 13 18:28:15 2014	Writing output file at time: 0.762985 seconds
Mon Jan 13 18:28:15 2014	Simulation at time: 0.782569 seconds.
Mon Jan 13 18:28:15 2014	Simulation at time: 0.802154 seconds.
Mon Jan 13 18:28:15 2014	Simulation at time: 0.82174 seconds.
Mon Jan 13 18:28:15 2014	Simulation at time: 0.841329 seconds.
Mon Jan 13 18:28:15 2014	Simulation at time: 0.860919 seconds.
Mon Jan 13 18:28:15 2014	Simulation at time: 0.880511 seconds.
Mon Jan 13 18:28:15 2014	Simulation at time: 0.900105 seconds.
Mon Jan 13 18:28:15 2014	Simulation at time: 0.9197 seconds.
Mon Jan 13 18:28:15 2014	Simulation at time: 0.939297 seconds.
Mon Jan 13 18:28:15 2014	Simulation at time: 0.958895 seconds.
Mon Jan 13 18:28:15 2014	Simulation at time: 0.978494 seconds.
Mon Jan 13 18:28:15 2014	Simulation at time: 0.998095 seconds.
Mon Jan 13 18:28:15 2014	Simulation at time: 1.0177 seconds.
Mon Jan 13 18:28:15 2014	Simulation at time: 1.0373 seconds.
Mon Jan 13 18:28:15 2014	Simulation at time: 1.05691 seconds.
Mon Jan 13 18:28:15 2014	Simulation at time: 1.07651 seconds.
Mon Jan 13 18:28:15 2014	Simulation at time: 1.09612 seconds.
Mon Jan 13 18:28:15 2014	Simulation at time: 1.11573 seconds.
Mon Jan 13 18:28:15 2014	Simulation at time: 1.13534 seconds.
Mon Jan 13 18:28:15 2014	Simulation at time: 1.15495 seconds.
Mon Jan 13 18:28:15 2014	Simulation at time: 1.17456 seconds.
Mon Jan 13 18:28:15 2014	Simulation at time: 1.19418 seconds.
Mon Jan 13 18:28:15 2014	Simulation at time: 1.21379 seconds.
Mon Jan 13 18:28:15 2014	Simulation at time: 1.23341 seconds.
Mon Jan 13 18:28:15 2014	Simulation at time: 1.25303 seconds.
Mon Jan 13 18:28:15 2014	Simulation at time: 1.27265 seconds.
Mon Jan 13 18:28:15 2014	Simulation at time: 1.29227 seconds.
Mon Jan 13 18:28:15 2014	Simulation at time: 1.31189 seconds.
Mon Jan 13 18:28:15 2014	Simulation at time: 1.33151 seconds.
Mon Jan 13 18:28:15 2014	Simulation at time: 1.35113 seconds.
Mon Jan 13 18:28:15 2014	Simulation at time: 1.37076 seconds.
Mon Jan 13 18:28:15 2014	Simulation at time: 1.39038 seconds.
Mon Jan 13 18:28:15 2014	Simulation at time: 1.41001 seconds.
Mon Jan 13 18:28:15 2014	Simulation at time: 1.42964 seconds.
Mon Jan 13 18:28:15 2014	Simulation at time: 1.44926 seconds.
Mon Jan 13 18:28:15 2014	Simulation at time: 1.46889 seconds.
Mon Jan 13 18:28:16 2014	Simulation at time: 1.48852 seconds.
Mon Jan 13 18:28:16 2014	Simulation at time: 1.50816 seconds.
Mon Jan 13 18:28:16 2014	Writing output file at time: 1.50816 seconds
Mon Jan 13 18:28:16 2014	Simulation at time: 1.52779 seconds.
Mon Jan 13 18:28:16 2014	Simulation at time: 1.54742 seconds.
Mon Jan 13 18:28:16 2014	Simulation at time: 1.56706 seconds.
Mon Jan 13 18:28:16 2014	Simulation at time: 1.58669 seconds.
Mon Jan 13 18:28:16 2014	Simulation at time: 1.60633 seconds.
Mon Jan 13 18:28:16 2014	Simulation at time: 1.62597 seconds.
Mon Jan 13 18:28:16 2014	Simulation at time: 1.64561 seconds.
Mon Jan 13 18:28:16 2014	Simulation at time: 1.66524 seconds.
Mon Jan 13 18:28:16 2014	Simulation at time: 1.68488 seconds.
Mon Jan 13 18:28:16 2014	Simulation at time: 1.70453 seconds.
Mon Jan 13 18:28:16 2014	Simulation at time: 1.72417 seconds.
Mon Jan 13 18:28:16 2014	Simulation at time: 1.74381 seconds.
Mon Jan 13 18:28:16 2014	Simulation at time: 1.76345 seconds.
Mon Jan 13 18:28:16 2014	Simulation at time: 1.7831 seconds.
Mon Jan 13 18:28:16 2014	Simulation at time: 1.80274 seconds.
Mon Jan 13 18:28:16 2014	Simulation at time: 1.82239 seconds.
Mon Jan 13 18:28:16 2014	Simulation at time: 1.84204 seconds.
Mon Jan 13 18:28:16 2014	Simulation at time: 1.86169 seconds.
Mon Jan 13 18:28:16 2014	Simulation at time: 1.88133 seconds.
Mon Jan 13 18:28:16 2014	Simulation at time: 1.90098 seconds.
Mon Jan 13 18:28:16 2014	Simulation at time: 1.92063 seconds.
Mon Jan 13 18:28:16 2014	Simulation at time: 1.94028 seconds.
Mon Jan 13 18:28:16 2014	Simulation at time: 1.95994 seconds.
Mon Jan 13 18:28:16 2014	Simulation at time: 1.97959 seconds.
Mon Jan 13 18:28:16 2014	Simulation at time: 1.99924 seconds.
Mon Jan 13 18:28:16 2014	Simulation at time: 2.0189 seconds.
Mon Jan 13 18:28:16 2014	Simulation at time: 2.03855 seconds.
Mon Jan 13 18:28:16 2014	Simulation at time: 2.05821 seconds.
Mon Jan 13 18:28:16 2014	Simulation at time: 2.07786 seconds.
Mon Jan 13 18:28:16 2014	Simulation at time: 2.09752 seconds.
Mon Jan 13 18:28:16 2014	Simulation at time: 2.11718 seconds.
Mon Jan 13 18:28:16 2014	Simulation at time: 2.13684 seconds.
Mon Jan 13 18:28:16 2014	Simulation at time: 2.15649 seconds.
Mon Jan 13 18:28:16 2014	Simulation at time: 2.17615 seconds.
Mon Jan 13 18:28:16 2014	Simulation at time: 2.19581 seconds.
Mon Jan 13 18:28:16 2014	Simulation at time: 2.21548 seconds.
Mon Jan 13 18:28:16 2014	Simulation at time: 2.23514 seconds.
Mon Jan 13 18:28:16 2014	Simulation at time: 2.2548 seconds.
Mon Jan 13 18:28:16 2014	Writing output file at time: 2.2548 seconds
Mon Jan 13 18:28:16 2014	Simulation at time: 2.27446 seconds.
Mon Jan 13 18:28:16 2014	Simulation at time: 2.29413 seconds.
Mon Jan 13 18:28:16 2014	Simulation at time: 2.31379 seconds.
Mon Jan 13 18:28:16 2014	Simulation at time: 2.33346 seconds.
Mon Jan 13 18:28:16 2014	Simulation at time: 2.35312 seconds.
Mon Jan 13 18:28:16 2014	Simulation at time: 2.37279 seconds.
Mon Jan 13 18:28:16 2014	Simulation at time: 2.39245 seconds.
Mon Jan 13 18:28:16 2014	Simulation at time: 2.41212 seconds.
Mon Jan 13 18:28:16 2014	Simulation at time: 2.43179 seconds.
Mon Jan 13 18:28:16 2014	Simulation at time: 2.45146 seconds.
Mon Jan 13 18:28:16 2014	Simulation at time: 2.47113 seconds.
Mon Jan 13 18:28:16 2014	Simulation at time: 2.4908 seconds.
Mon Jan 13 18:28:16 2014	Simulation at time: 2.51047 seconds.
Mon Jan 13 18:28:16 2014	Simulation at time: 2.53014 seconds.
Mon Jan 13 18:28:16 2014	Simulation at time: 2.54981 seconds.
Mon Jan 13 18:28:16 2014	Simulation at time: 2.56948 seconds.
Mon Jan 13 18:28:16 2014	Simulation at time: 2.58915 seconds.
Mon Jan 13 18:28:16 2014	Simulation at time: 2.60883 seconds.
Mon Jan 13 18:28:16 2014	Simulation at time: 2.6285 seconds.
Mon Jan 13 18:28:16 2014	Simulation at time: 2.64818 seconds.
Mon Jan 13 18:28:16 2014	Simulation at time: 2.66785 seconds.
Mon Jan 13 18:28:16 2014	Simulation at time: 2.68753 seconds.
Mon Jan 13 18:28:16 2014	Simulation at time: 2.7072 seconds.
Mon Jan 13 18:28:16 2014	Simulation at time: 2.72688 seconds.
Mon Jan 13 18:28:16 2014	Simulation at time: 2.74656 seconds.
Mon Jan 13 18:28:16 2014	Simulation at time: 2.76623 seconds.
Mon Jan 13 18:28:16 2014	Simulation at time: 2.78591 seconds.
Mon Jan 13 18:28:16 2014	Simulation at time: 2.80559 seconds.
Mon Jan 13 18:28:16 2014	Simulation at time: 2.82527 seconds.
Mon Jan 13 18:28:16 2014	Simulation at time: 2.84495 seconds.
Mon Jan 13 18:28:16 2014	Simulation at time: 2.86463 seconds.
Mon Jan 13 18:28:16 2014	Simulation at time: 2.88431 seconds.
Mon Jan 13 18:28:16 2014	Simulation at time: 2.90399 seconds.
Mon Jan 13 18:28:16 2014	Simulation at time: 2.92367 seconds.
Mon Jan 13 18:28:16 2014	Simulation at time: 2.94335 seconds.
Mon Jan 13 18:28:16 2014	Simulation at time: 2.96303 seconds.
Mon Jan 13 18:28:16 2014	Simulation at time: 2.98272 seconds.
Mon Jan 13 18:28:16 2014	Simulation at time: 3.0024 seconds.
Mon Jan 13 18:28:16 2014	Writing output file at time: 3.0024 seconds
Mon Jan 13 18:28:16 2014	Simulation at time: 3.02208 seconds.
Mon Jan 13 18:28:16 2014	Simulation at time: 3.04177 seconds.
Mon Jan 13 18:28:16 2014	Simulation at time: 3.06145 seconds.
Mon Jan 13 18:28:16 2014	Simulation at time: 3.08114 seconds.
Mon Jan 13 18:28:16 2014	Simulation at time: 3.10082 seconds.
Mon Jan 13 18:28:16 2014	Simulation at time: 3.12051 seconds.
Mon Jan 13 18:28:16 2014	Simulation at time: 3.14019 seconds.
Mon Jan 13 18:28:16 2014	Simulation at time: 3.15988 seconds.
Mon Jan 13 18:28:16 2014	Simulation at time: 3.17957 seconds.
Mon Jan 13 18:28:16 2014	Simulation at time: 3.19926 seconds.
Mon Jan 13 18:28:16 2014	Simulation at time: 3.21894 seconds.
Mon Jan 13 18:28:16 2014	Simulation at time: 3.23863 seconds.
Mon Jan 13 18:28:16 2014	Simulation at time: 3.25832 seconds.
Mon Jan 13 18:28:16 2014	Simulation at time: 3.27801 seconds.
Mon Jan 13 18:28:17 2014	Simulation at time: 3.2977 seconds.
Mon Jan 13 18:28:17 2014	Simulation at time: 3.31739 seconds.
Mon Jan 13 18:28:17 2014	Simulation at time: 3.33708 seconds.
Mon Jan 13 18:28:17 2014	Simulation at time: 3.35677 seconds.
Mon Jan 13 18:28:17 2014	Simulation at time: 3.37646 seconds.
Mon Jan 13 18:28:17 2014	Simulation at time: 3.39615 seconds.
Mon Jan 13 18:28:17 2014	Simulation at time: 3.41585 seconds.
Mon Jan 13 18:28:17 2014	Simulation at time: 3.43554 seconds.
Mon Jan 13 18:28:17 2014	Simulation at time: 3.45523 seconds.
Mon Jan 13 18:28:17 2014	Simulation at time: 3.47492 seconds.
Mon Jan 13 18:28:17 2014	Simulation at time: 3.49462 seconds.
Mon Jan 13 18:28:17 2014	Simulation at time: 3.51431 seconds.
Mon Jan 13 18:28:17 2014	Simulation at time: 3.53401 seconds.
Mon Jan 13 18:28:17 2014	Simulation at time: 3.5537 seconds.
Mon Jan 13 18:28:17 2014	Simulation at time: 3.5734 seconds.
Mon Jan 13 18:28:17 2014	Simulation at time: 3.59309 seconds.
Mon Jan 13 18:28:17 2014	Simulation at time: 3.61279 seconds.
Mon Jan 13 18:28:17 2014	Simulation at time: 3.63248 seconds.
Mon Jan 13 18:28:17 2014	Simulation at time: 3.65218 seconds.
Mon Jan 13 18:28:17 2014	Simulation at time: 3.67188 seconds.
Mon Jan 13 18:28:17 2014	Simulation at time: 3.69157 seconds.
Mon Jan 13 18:28:17 2014	Simulation at time: 3.71127 seconds.
Mon Jan 13 18:28:17 2014	Simulation at time: 3.73097 seconds.
Mon Jan 13 18:28:17 2014	Simulation at time: 3.75067 seconds.
Mon Jan 13 18:28:17 2014	Writing output file at time: 3.75067 seconds
Mon Jan 13 18:28:17 2014	Simulation at time: 3.77037 seconds.
Mon Jan 13 18:28:17 2014	Simulation at time: 3.79006 seconds.
Mon Jan 13 18:28:17 2014	Simulation at time: 3.80976 seconds.
Mon Jan 13 18:28:17 2014	Simulation at time: 3.82946 seconds.
Mon Jan 13 18:28:17 2014	Simulation at time: 3.84916 seconds.
Mon Jan 13 18:28:17 2014	Simulation at time: 3.86886 seconds.
Mon Jan 13 18:28:17 2014	Simulation at time: 3.88856 seconds.
Mon Jan 13 18:28:17 2014	Simulation at time: 3.90826 seconds.
Mon Jan 13 18:28:17 2014	Simulation at time: 3.92797 seconds.
Mon Jan 13 18:28:17 2014	Simulation at time: 3.94767 seconds.
Mon Jan 13 18:28:17 2014	Simulation at time: 3.96737 seconds.
Mon Jan 13 18:28:17 2014	Simulation at time: 3.98707 seconds.
Mon Jan 13 18:28:17 2014	Simulation at time: 4.00677 seconds.
Mon Jan 13 18:28:17 2014	Simulation at time: 4.02648 seconds.
Mon Jan 13 18:28:17 2014	Simulation at time: 4.04618 seconds.
Mon Jan 13 18:28:17 2014	Simulation at time: 4.06588 seconds.
Mon Jan 13 18:28:17 2014	Simulation at time: 4.08559 seconds.
Mon Jan 13 18:28:17 2014	Simulation at time: 4.10529 seconds.
Mon Jan 13 18:28:17 2014	Simulation at time: 4.125 seconds.
Mon Jan 13 18:28:17 2014	Simulation at time: 4.1447 seconds.
Mon Jan 13 18:28:17 2014	Simulation at time: 4.16441 seconds.
Mon Jan 13 18:28:17 2014	Simulation at time: 4.18411 seconds.
Mon Jan 13 18:28:17 2014	Simulation at time: 4.20382 seconds.
Mon Jan 13 18:28:17 2014	Simulation at time: 4.22352 seconds.
Mon Jan 13 18:28:17 2014	Simulation at time: 4.24323 seconds.
Mon Jan 13 18:28:17 2014	Simulation at time: 4.26293 seconds.
Mon Jan 13 18:28:17 2014	Simulation at time: 4.28264 seconds.
Mon Jan 13 18:28:17 2014	Simulation at time: 4.30235 seconds.
Mon Jan 13 18:28:17 2014	Simulation at time: 4.32205 seconds.
Mon Jan 13 18:28:17 2014	Simulation at time: 4.34176 seconds.
Mon Jan 13 18:28:17 2014	Simulation at time: 4.36147 seconds.
Mon Jan 13 18:28:17 2014	Simulation at time: 4.38118 seconds.
Mon Jan 13 18:28:17 2014	Simulation at time: 4.40089 seconds.
Mon Jan 13 18:28:17 2014	Simulation at time: 4.4206 seconds.
Mon Jan 13 18:28:17 2014	Simulation at time: 4.4403 seconds.
Mon Jan 13 18:28:17 2014	Simulation at time: 4.46001 seconds.
Mon Jan 13 18:28:17 2014	Simulation at time: 4.47972 seconds.
Mon Jan 13 18:28:17 2014	Simulation at time: 4.49943 seconds.
Mon Jan 13 18:28:17 2014	Simulation at time: 4.51914 seconds.
Mon Jan 13 18:28:17 2014	Writing output file at time: 4.51914 seconds
Mon Jan 13 18:28:17 2014	Simulation at time: 4.53885 seconds.
Mon Jan 13 18:28:17 2014	Simulation at time: 4.55856 seconds.
Mon Jan 13 18:28:17 2014	Simulation at time: 4.57827 seconds.
Mon Jan 13 18:28:17 2014	Simulation at time: 4.59799 seconds.
Mon Jan 13 18:28:17 2014	Simulation at time: 4.6177 seconds.
Mon Jan 13 18:28:17 2014	Simulation at time: 4.63741 seconds.
Mon Jan 13 18:28:17 2014	Simulation at time: 4.65712 seconds.
Mon Jan 13 18:28:17 2014	Simulation at time: 4.67683 seconds.
Mon Jan 13 18:28:17 2014	Simulation at time: 4.69654 seconds.
Mon Jan 13 18:28:17 2014	Simulation at time: 4.71626 seconds.
Mon Jan 13 18:28:17 2014	Simulation at time: 4.73597 seconds.
Mon Jan 13 18:28:17 2014	Simulation at time: 4.75568 seconds.
Mon Jan 13 18:28:17 2014	Simulation at time: 4.7754 seconds.
Mon Jan 13 18:28:17 2014	Simulation at time: 4.79511 seconds.
Mon Jan 13 18:28:17 2014	Simulation at time: 4.81482 seconds.
Mon Jan 13 18:28:17 2014	Simulation at time: 4.83454 seconds.
Mon Jan 13 18:28:17 2014	Simulation at time: 4.85425 seconds.
Mon Jan 13 18:28:17 2014	Simulation at time: 4.87397 seconds.
Mon Jan 13 18:28:17 2014	Simulation at time: 4.89368 seconds.
Mon Jan 13 18:28:17 2014	Simulation at time: 4.9134 seconds.
Mon Jan 13 18:28:17 2014	Simulation at time: 4.93311 seconds.
Mon Jan 13 18:28:17 2014	Simulation at time: 4.95283 seconds.
Mon Jan 13 18:28:17 2014	Simulation at time: 4.97254 seconds.
Mon Jan 13 18:28:17 2014	Simulation at time: 4.99226 seconds.
Mon Jan 13 18:28:17 2014	Simulation at time: 5.01197 seconds.
Mon Jan 13 18:28:17 2014	Simulation at time: 5.03169 seconds.
Mon Jan 13 18:28:17 2014	Simulation at time: 5.05141 seconds.
Mon Jan 13 18:28:18 2014	Simulation at time: 5.07112 seconds.
Mon Jan 13 18:28:18 2014	Simulation at time: 5.09084 seconds.
Mon Jan 13 18:28:18 2014	Simulation at time: 5.11056 seconds.
Mon Jan 13 18:28:18 2014	Simulation at time: 5.13028 seconds.
Mon Jan 13 18:28:18 2014	Simulation at time: 5.14999 seconds.
Mon Jan 13 18:28:18 2014	Simulation at time: 5.16971 seconds.
Mon Jan 13 18:28:18 2014	Simulation at time: 5.18943 seconds.
Mon Jan 13 18:28:18 2014	Simulation at time: 5.20915 seconds.
Mon Jan 13 18:28:18 2014	Simulation at time: 5.22887 seconds.
Mon Jan 13 18:28:18 2014	Simulation at time: 5.24859 seconds.
Mon Jan 13 18:28:18 2014	Simulation at time: 5.2683 seconds.
Mon Jan 13 18:28:18 2014	Writing output file at time: 5.2683 seconds
Mon Jan 13 18:28:18 2014	Simulation at time: 5.28802 seconds.
Mon Jan 13 18:28:18 2014	Simulation at time: 5.30774 seconds.
Mon Jan 13 18:28:18 2014	Simulation at time: 5.32746 seconds.
Mon Jan 13 18:28:18 2014	Simulation at time: 5.34718 seconds.
Mon Jan 13 18:28:18 2014	Simulation at time: 5.3669 seconds.
Mon Jan 13 18:28:18 2014	Simulation at time: 5.38662 seconds.
Mon Jan 13 18:28:18 2014	Simulation at time: 5.40634 seconds.
Mon Jan 13 18:28:18 2014	Simulation at time: 5.42606 seconds.
Mon Jan 13 18:28:18 2014	Simulation at time: 5.44578 seconds.
Mon Jan 13 18:28:18 2014	Simulation at time: 5.46551 seconds.
Mon Jan 13 18:28:18 2014	Simulation at time: 5.48523 seconds.
Mon Jan 13 18:28:18 2014	Simulation at time: 5.50495 seconds.
Mon Jan 13 18:28:18 2014	Simulation at time: 5.52467 seconds.
Mon Jan 13 18:28:18 2014	Simulation at time: 5.54439 seconds.
Mon Jan 13 18:28:18 2014	Simulation at time: 5.56411 seconds.
Mon Jan 13 18:28:18 2014	Simulation at time: 5.58384 seconds.
Mon Jan 13 18:28:18 2014	Simulation at time: 5.60356 seconds.
Mon Jan 13 18:28:18 2014	Simulation at time: 5.62328 seconds.
Mon Jan 13 18:28:18 2014	Simulation at time: 5.643 seconds.
Mon Jan 13 18:28:18 2014	Simulation at time: 5.66273 seconds.
Mon Jan 13 18:28:18 2014	Simulation at time: 5.68245 seconds.
Mon Jan 13 18:28:18 2014	Simulation at time: 5.70217 seconds.
Mon Jan 13 18:28:18 2014	Simulation at time: 5.7219 seconds.
Mon Jan 13 18:28:18 2014	Simulation at time: 5.74162 seconds.
Mon Jan 13 18:28:18 2014	Simulation at time: 5.76135 seconds.
Mon Jan 13 18:28:18 2014	Simulation at time: 5.78107 seconds.
Mon Jan 13 18:28:18 2014	Simulation at time: 5.80079 seconds.
Mon Jan 13 18:28:18 2014	Simulation at time: 5.82052 seconds.
Mon Jan 13 18:28:18 2014	Simulation at time: 5.84024 seconds.
Mon Jan 13 18:28:18 2014	Simulation at time: 5.85997 seconds.
Mon Jan 13 18:28:18 2014	Simulation at time: 5.87969 seconds.
Mon Jan 13 18:28:18 2014	Simulation at time: 5.89942 seconds.
Mon Jan 13 18:28:18 2014	Simulation at time: 5.91914 seconds.
Mon Jan 13 18:28:18 2014	Simulation at time: 5.93887 seconds.
Mon Jan 13 18:28:18 2014	Simulation at time: 5.9586 seconds.
Mon Jan 13 18:28:18 2014	Simulation at time: 5.97832 seconds.
Mon Jan 13 18:28:18 2014	Simulation at time: 5.99805 seconds.
Mon Jan 13 18:28:18 2014	Simulation at time: 6.01777 seconds.
Mon Jan 13 18:28:18 2014	Writing output file at time: 6.01777 seconds
Mon Jan 13 18:28:18 2014	Simulation at time: 6.0375 seconds.
Mon Jan 13 18:28:18 2014	Simulation at time: 6.05723 seconds.
Mon Jan 13 18:28:18 2014	Simulation at time: 6.07695 seconds.
Mon Jan 13 18:28:18 2014	Simulation at time: 6.09668 seconds.
Mon Jan 13 18:28:18 2014	Simulation at time: 6.11641 seconds.
Mon Jan 13 18:28:18 2014	Simulation at time: 6.13614 seconds.
Mon Jan 13 18:28:18 2014	Simulation at time: 6.15586 seconds.
Mon Jan 13 18:28:18 2014	Simulation at time: 6.17559 seconds.
Mon Jan 13 18:28:18 2014	Simulation at time: 6.19532 seconds.
Mon Jan 13 18:28:18 2014	Simulation at time: 6.21505 seconds.
Mon Jan 13 18:28:18 2014	Simulation at time: 6.23478 seconds.
Mon Jan 13 18:28:18 2014	Simulation at time: 6.2545 seconds.
Mon Jan 13 18:28:18 2014	Simulation at time: 6.27423 seconds.
Mon Jan 13 18:28:18 2014	Simulation at time: 6.29396 seconds.
Mon Jan 13 18:28:18 2014	Simulation at time: 6.31369 seconds.
Mon Jan 13 18:28:18 2014	Simulation at time: 6.33342 seconds.
Mon Jan 13 18:28:18 2014	Simulation at time: 6.35315 seconds.
Mon Jan 13 18:28:18 2014	Simulation at time: 6.37288 seconds.
Mon Jan 13 18:28:18 2014	Simulation at time: 6.39261 seconds.
Mon Jan 13 18:28:18 2014	Simulation at time: 6.41234 seconds.
Mon Jan 13 18:28:18 2014	Simulation at time: 6.43207 seconds.
Mon Jan 13 18:28:18 2014	Simulation at time: 6.4518 seconds.
Mon Jan 13 18:28:18 2014	Simulation at time: 6.47153 seconds.
Mon Jan 13 18:28:18 2014	Simulation at time: 6.49126 seconds.
Mon Jan 13 18:28:18 2014	Simulation at time: 6.51099 seconds.
Mon Jan 13 18:28:18 2014	Simulation at time: 6.53072 seconds.
Mon Jan 13 18:28:18 2014	Simulation at time: 6.55045 seconds.
Mon Jan 13 18:28:18 2014	Simulation at time: 6.57018 seconds.
Mon Jan 13 18:28:18 2014	Simulation at time: 6.58991 seconds.
Mon Jan 13 18:28:18 2014	Simulation at time: 6.60964 seconds.
Mon Jan 13 18:28:18 2014	Simulation at time: 6.62938 seconds.
Mon Jan 13 18:28:18 2014	Simulation at time: 6.64911 seconds.
Mon Jan 13 18:28:18 2014	Simulation at time: 6.66884 seconds.
Mon Jan 13 18:28:18 2014	Simulation at time: 6.68857 seconds.
Mon Jan 13 18:28:18 2014	Simulation at time: 6.7083 seconds.
Mon Jan 13 18:28:18 2014	Simulation at time: 6.72803 seconds.
Mon Jan 13 18:28:18 2014	Simulation at time: 6.74777 seconds.
Mon Jan 13 18:28:18 2014	Simulation at time: 6.7675 seconds.
Mon Jan 13 18:28:18 2014	Writing output file at time: 6.7675 seconds
Mon Jan 13 18:28:18 2014	Simulation at time: 6.78723 seconds.
Mon Jan 13 18:28:18 2014	Simulation at time: 6.80696 seconds.
Mon Jan 13 18:28:19 2014	Simulation at time: 6.8267 seconds.
Mon Jan 13 18:28:19 2014	Simulation at time: 6.84643 seconds.
Mon Jan 13 18:28:19 2014	Simulation at time: 6.86616 seconds.
Mon Jan 13 18:28:19 2014	Simulation at time: 6.8859 seconds.
Mon Jan 13 18:28:19 2014	Simulation at time: 6.90563 seconds.
Mon Jan 13 18:28:19 2014	Simulation at time: 6.92536 seconds.
Mon Jan 13 18:28:19 2014	Simulation at time: 6.9451 seconds.
Mon Jan 13 18:28:19 2014	Simulation at time: 6.96483 seconds.
Mon Jan 13 18:28:19 2014	Simulation at time: 6.98457 seconds.
Mon Jan 13 18:28:19 2014	Simulation at time: 7.0043 seconds.
Mon Jan 13 18:28:19 2014	Simulation at time: 7.02403 seconds.
Mon Jan 13 18:28:19 2014	Simulation at time: 7.04377 seconds.
Mon Jan 13 18:28:19 2014	Simulation at time: 7.0635 seconds.
Mon Jan 13 18:28:19 2014	Simulation at time: 7.08324 seconds.
Mon Jan 13 18:28:19 2014	Simulation at time: 7.10297 seconds.
Mon Jan 13 18:28:19 2014	Simulation at time: 7.12271 seconds.
Mon Jan 13 18:28:19 2014	Simulation at time: 7.14244 seconds.
Mon Jan 13 18:28:19 2014	Simulation at time: 7.16218 seconds.
Mon Jan 13 18:28:19 2014	Simulation at time: 7.18191 seconds.
Mon Jan 13 18:28:19 2014	Simulation at time: 7.20165 seconds.
Mon Jan 13 18:28:19 2014	Simulation at time: 7.22139 seconds.
Mon Jan 13 18:28:19 2014	Simulation at time: 7.24112 seconds.
Mon Jan 13 18:28:19 2014	Simulation at time: 7.26086 seconds.
Mon Jan 13 18:28:19 2014	Simulation at time: 7.28059 seconds.
Mon Jan 13 18:28:19 2014	Simulation at time: 7.30033 seconds.
Mon Jan 13 18:28:19 2014	Simulation at time: 7.32007 seconds.
Mon Jan 13 18:28:19 2014	Simulation at time: 7.3398 seconds.
Mon Jan 13 18:28:19 2014	Simulation at time: 7.35954 seconds.
Mon Jan 13 18:28:19 2014	Simulation at time: 7.37928 seconds.
Mon Jan 13 18:28:19 2014	Simulation at time: 7.39901 seconds.
Mon Jan 13 18:28:19 2014	Simulation at time: 7.41875 seconds.
Mon Jan 13 18:28:19 2014	Simulation at time: 7.43849 seconds.
Mon Jan 13 18:28:19 2014	Simulation at time: 7.45823 seconds.
Mon Jan 13 18:28:19 2014	Simulation at time: 7.47796 seconds.
Mon Jan 13 18:28:19 2014	Simulation at time: 7.4977 seconds.
Mon Jan 13 18:28:19 2014	Simulation at time: 7.51744 seconds.
Mon Jan 13 18:28:19 2014	Writing output file at time: 7.51744 seconds
Mon Jan 13 18:28:19 2014	Simulation at time: 7.53718 seconds.
Mon Jan 13 18:28:19 2014	Simulation at time: 7.55691 seconds.
Mon Jan 13 18:28:19 2014	Simulation at time: 7.57665 seconds.
Mon Jan 13 18:28:19 2014	Simulation at time: 7.59639 seconds.
Mon Jan 13 18:28:19 2014	Simulation at time: 7.61613 seconds.
Mon Jan 13 18:28:19 2014	Simulation at time: 7.63587 seconds.
Mon Jan 13 18:28:19 2014	Simulation at time: 7.6556 seconds.
Mon Jan 13 18:28:19 2014	Simulation at time: 7.67534 seconds.
Mon Jan 13 18:28:19 2014	Simulation at time: 7.69508 seconds.
Mon Jan 13 18:28:19 2014	Simulation at time: 7.71482 seconds.
Mon Jan 13 18:28:19 2014	Simulation at time: 7.73456 seconds.
Mon Jan 13 18:28:19 2014	Simulation at time: 7.7543 seconds.
Mon Jan 13 18:28:19 2014	Simulation at time: 7.77404 seconds.
Mon Jan 13 18:28:19 2014	Simulation at time: 7.79378 seconds.
Mon Jan 13 18:28:19 2014	Simulation at time: 7.81352 seconds.
Mon Jan 13 18:28:19 2014	Simulation at time: 7.83326 seconds.
Mon Jan 13 18:28:19 2014	Simulation at time: 7.853 seconds.
Mon Jan 13 18:28:19 2014	Simulation at time: 7.87274 seconds.
Mon Jan 13 18:28:19 2014	Simulation at time: 7.89248 seconds.
Mon Jan 13 18:28:19 2014	Simulation at time: 7.91222 seconds.
Mon Jan 13 18:28:19 2014	Simulation at time: 7.93196 seconds.
Mon Jan 13 18:28:19 2014	Simulation at time: 7.9517 seconds.
Mon Jan 13 18:28:19 2014	Simulation at time: 7.97144 seconds.
Mon Jan 13 18:28:19 2014	Simulation at time: 7.99118 seconds.
Mon Jan 13 18:28:19 2014	Simulation at time: 8.01092 seconds.
Mon Jan 13 18:28:19 2014	Simulation at time: 8.03066 seconds.
Mon Jan 13 18:28:19 2014	Simulation at time: 8.0504 seconds.
Mon Jan 13 18:28:19 2014	Simulation at time: 8.07014 seconds.
Mon Jan 13 18:28:19 2014	Simulation at time: 8.08988 seconds.
Mon Jan 13 18:28:19 2014	Simulation at time: 8.10962 seconds.
Mon Jan 13 18:28:19 2014	Simulation at time: 8.12936 seconds.
Mon Jan 13 18:28:19 2014	Simulation at time: 8.14911 seconds.
Mon Jan 13 18:28:19 2014	Simulation at time: 8.16885 seconds.
Mon Jan 13 18:28:19 2014	Simulation at time: 8.18859 seconds.
Mon Jan 13 18:28:19 2014	Simulation at time: 8.20833 seconds.
Mon Jan 13 18:28:19 2014	Simulation at time: 8.22807 seconds.
Mon Jan 13 18:28:19 2014	Simulation at time: 8.24781 seconds.
Mon Jan 13 18:28:19 2014	Simulation at time: 8.26756 seconds.
Mon Jan 13 18:28:19 2014	Writing output file at time: 8.26756 seconds
Mon Jan 13 18:28:19 2014	Simulation at time: 8.2873 seconds.
Mon Jan 13 18:28:19 2014	Simulation at time: 8.30704 seconds.
Mon Jan 13 18:28:19 2014	Simulation at time: 8.32678 seconds.
Mon Jan 13 18:28:19 2014	Simulation at time: 8.34652 seconds.
Mon Jan 13 18:28:19 2014	Simulation at time: 8.36627 seconds.
Mon Jan 13 18:28:19 2014	Simulation at time: 8.38601 seconds.
Mon Jan 13 18:28:19 2014	Simulation at time: 8.40575 seconds.
Mon Jan 13 18:28:19 2014	Simulation at time: 8.4255 seconds.
Mon Jan 13 18:28:19 2014	Simulation at time: 8.44524 seconds.
Mon Jan 13 18:28:19 2014	Simulation at time: 8.46498 seconds.
Mon Jan 13 18:28:19 2014	Simulation at time: 8.48472 seconds.
Mon Jan 13 18:28:19 2014	Simulation at time: 8.50447 seconds.
Mon Jan 13 18:28:19 2014	Simulation at time: 8.52421 seconds.
Mon Jan 13 18:28:20 2014	Simulation at time: 8.54395 seconds.
Mon Jan 13 18:28:20 2014	Simulation at time: 8.5637 seconds.
Mon Jan 13 18:28:20 2014	Simulation at time: 8.58344 seconds.
Mon Jan 13 18:28:20 2014	Simulation at time: 8.60319 seconds.
Mon Jan 13 18:28:20 2014	Simulation at time: 8.62293 seconds.
Mon Jan 13 18:28:20 2014	Simulation at time: 8.64267 seconds.
Mon Jan 13 18:28:20 2014	Simulation at time: 8.66242 seconds.
Mon Jan 13 18:28:20 2014	Simulation at time: 8.68216 seconds.
Mon Jan 13 18:28:20 2014	Simulation at time: 8.70191 seconds.
Mon Jan 13 18:28:20 2014	Simulation at time: 8.72165 seconds.
Mon Jan 13 18:28:20 2014	Simulation at time: 8.74139 seconds.
Mon Jan 13 18:28:20 2014	Simulation at time: 8.76114 seconds.
Mon Jan 13 18:28:20 2014	Simulation at time: 8.78088 seconds.
Mon Jan 13 18:28:20 2014	Simulation at time: 8.80063 seconds.
Mon Jan 13 18:28:20 2014	Simulation at time: 8.82037 seconds.
Mon Jan 13 18:28:20 2014	Simulation at time: 8.84012 seconds.
Mon Jan 13 18:28:20 2014	Simulation at time: 8.85986 seconds.
Mon Jan 13 18:28:20 2014	Simulation at time: 8.87961 seconds.
Mon Jan 13 18:28:20 2014	Simulation at time: 8.89935 seconds.
Mon Jan 13 18:28:20 2014	Simulation at time: 8.9191 seconds.
Mon Jan 13 18:28:20 2014	Simulation at time: 8.93884 seconds.
Mon Jan 13 18:28:20 2014	Simulation at time: 8.95859 seconds.
Mon Jan 13 18:28:20 2014	Simulation at time: 8.97833 seconds.
Mon Jan 13 18:28:20 2014	Simulation at time: 8.99808 seconds.
Mon Jan 13 18:28:20 2014	Simulation at time: 9.01783 seconds.
Mon Jan 13 18:28:20 2014	Writing output file at time: 9.01783 seconds
Mon Jan 13 18:28:20 2014	Simulation at time: 9.03757 seconds.
Mon Jan 13 18:28:20 2014	Simulation at time: 9.05732 seconds.
Mon Jan 13 18:28:20 2014	Simulation at time: 9.07706 seconds.
Mon Jan 13 18:28:20 2014	Simulation at time: 9.09681 seconds.
Mon Jan 13 18:28:20 2014	Simulation at time: 9.11655 seconds.
Mon Jan 13 18:28:20 2014	Simulation at time: 9.1363 seconds.
Mon Jan 13 18:28:20 2014	Simulation at time: 9.15605 seconds.
Mon Jan 13 18:28:20 2014	Simulation at time: 9.17579 seconds.
Mon Jan 13 18:28:20 2014	Simulation at time: 9.19554 seconds.
Mon Jan 13 18:28:20 2014	Simulation at time: 9.21529 seconds.
Mon Jan 13 18:28:20 2014	Simulation at time: 9.23503 seconds.
Mon Jan 13 18:28:20 2014	Simulation at time: 9.25478 seconds.
Mon Jan 13 18:28:20 2014	Simulation at time: 9.27453 seconds.
Mon Jan 13 18:28:20 2014	Simulation at time: 9.29427 seconds.
Mon Jan 13 18:28:20 2014	Simulation at time: 9.31402 seconds.
Mon Jan 13 18:28:20 2014	Simulation at time: 9.33377 seconds.
Mon Jan 13 18:28:20 2014	Simulation at time: 9.35351 seconds.
Mon Jan 13 18:28:20 2014	Simulation at time: 9.37326 seconds.
Mon Jan 13 18:28:20 2014	Simulation at time: 9.39301 seconds.
Mon Jan 13 18:28:20 2014	Simulation at time: 9.41276 seconds.
Mon Jan 13 18:28:20 2014	Simulation at time: 9.43251 seconds.
Mon Jan 13 18:28:20 2014	Simulation at time: 9.45225 seconds.
Mon Jan 13 18:28:20 2014	Simulation at time: 9.472 seconds.
Mon Jan 13 18:28:20 2014	Simulation at time: 9.49175 seconds.
Mon Jan 13 18:28:20 2014	Simulation at time: 9.5115 seconds.
Mon Jan 13 18:28:20 2014	Simulation at time: 9.53124 seconds.
Mon Jan 13 18:28:20 2014	Simulation at time: 9.55099 seconds.
Mon Jan 13 18:28:20 2014	Simulation at time: 9.57074 seconds.
Mon Jan 13 18:28:20 2014	Simulation at time: 9.59049 seconds.
Mon Jan 13 18:28:20 2014	Simulation at time: 9.61024 seconds.
Mon Jan 13 18:28:20 2014	Simulation at time: 9.62999 seconds.
Mon Jan 13 18:28:20 2014	Simulation at time: 9.64974 seconds.
Mon Jan 13 18:28:20 2014	Simulation at time: 9.66948 seconds.
Mon Jan 13 18:28:20 2014	Simulation at time: 9.68923 seconds.
Mon Jan 13 18:28:20 2014	Simulation at time: 9.70898 seconds.
Mon Jan 13 18:28:20 2014	Simulation at time: 9.72873 seconds.
Mon Jan 13 18:28:20 2014	Simulation at time: 9.74848 seconds.
Mon Jan 13 18:28:20 2014	Simulation at time: 9.76823 seconds.
Mon Jan 13 18:28:20 2014	Writing output file at time: 9.76823 seconds
Mon Jan 13 18:28:20 2014	Simulation at time: 9.78798 seconds.
Mon Jan 13 18:28:20 2014	Simulation at time: 9.80773 seconds.
Mon Jan 13 18:28:20 2014	Simulation at time: 9.82748 seconds.
Mon Jan 13 18:28:20 2014	Simulation at time: 9.84723 seconds.
Mon Jan 13 18:28:20 2014	Simulation at time: 9.86698 seconds.
Mon Jan 13 18:28:20 2014	Simulation at time: 9.88673 seconds.
Mon Jan 13 18:28:20 2014	Simulation at time: 9.90648 seconds.
Mon Jan 13 18:28:20 2014	Simulation at time: 9.92622 seconds.
Mon Jan 13 18:28:20 2014	Simulation at time: 9.94597 seconds.
Mon Jan 13 18:28:20 2014	Simulation at time: 9.96572 seconds.
Mon Jan 13 18:28:20 2014	Simulation at time: 9.98547 seconds.
Mon Jan 13 18:28:20 2014	Simulation at time: 10.0052 seconds.
Mon Jan 13 18:28:20 2014	Simulation at time: 10.025 seconds.
Mon Jan 13 18:28:20 2014	Simulation at time: 10.0447 seconds.
Mon Jan 13 18:28:20 2014	Simulation at time: 10.0645 seconds.
Mon Jan 13 18:28:20 2014	Simulation at time: 10.0842 seconds.
Mon Jan 13 18:28:20 2014	Simulation at time: 10.104 seconds.
Mon Jan 13 18:28:20 2014	Simulation at time: 10.1237 seconds.
Mon Jan 13 18:28:20 2014	Simulation at time: 10.1435 seconds.
Mon Jan 13 18:28:20 2014	Simulation at time: 10.1632 seconds.
Mon Jan 13 18:28:20 2014	Simulation at time: 10.183 seconds.
Mon Jan 13 18:28:20 2014	Simulation at time: 10.2027 seconds.
Mon Jan 13 18:28:20 2014	Simulation at time: 10.2225 seconds.
Mon Jan 13 18:28:20 2014	Simulation at time: 10.2422 seconds.
Mon Jan 13 18:28:21 2014	Simulation at time: 10.262 seconds.
Mon Jan 13 18:28:21 2014	Simulation at time: 10.2817 seconds.
Mon Jan 13 18:28:21 2014	Simulation at time: 10.3015 seconds.
Mon Jan 13 18:28:21 2014	Simulation at time: 10.3212 seconds.
Mon Jan 13 18:28:21 2014	Simulation at time: 10.341 seconds.
Mon Jan 13 18:28:21 2014	Simulation at time: 10.3607 seconds.
Mon Jan 13 18:28:21 2014	Simulation at time: 10.3805 seconds.
Mon Jan 13 18:28:21 2014	Simulation at time: 10.4002 seconds.
Mon Jan 13 18:28:21 2014	Simulation at time: 10.42 seconds.
Mon Jan 13 18:28:21 2014	Simulation at time: 10.4398 seconds.
Mon Jan 13 18:28:21 2014	Simulation at time: 10.4595 seconds.
Mon Jan 13 18:28:21 2014	Simulation at time: 10.4793 seconds.
Mon Jan 13 18:28:21 2014	Simulation at time: 10.499 seconds.
Mon Jan 13 18:28:21 2014	Simulation at time: 10.5188 seconds.
Mon Jan 13 18:28:21 2014	Writing output file at time: 10.5188 seconds
Mon Jan 13 18:28:21 2014	Simulation at time: 10.5385 seconds.
Mon Jan 13 18:28:21 2014	Simulation at time: 10.5583 seconds.
Mon Jan 13 18:28:21 2014	Simulation at time: 10.578 seconds.
Mon Jan 13 18:28:21 2014	Simulation at time: 10.5978 seconds.
Mon Jan 13 18:28:21 2014	Simulation at time: 10.6175 seconds.
Mon Jan 13 18:28:21 2014	Simulation at time: 10.6373 seconds.
Mon Jan 13 18:28:21 2014	Simulation at time: 10.657 seconds.
Mon Jan 13 18:28:21 2014	Simulation at time: 10.6768 seconds.
Mon Jan 13 18:28:21 2014	Simulation at time: 10.6965 seconds.
Mon Jan 13 18:28:21 2014	Simulation at time: 10.7163 seconds.
Mon Jan 13 18:28:21 2014	Simulation at time: 10.736 seconds.
Mon Jan 13 18:28:21 2014	Simulation at time: 10.7558 seconds.
Mon Jan 13 18:28:21 2014	Simulation at time: 10.7756 seconds.
Mon Jan 13 18:28:21 2014	Simulation at time: 10.7953 seconds.
Mon Jan 13 18:28:21 2014	Simulation at time: 10.8151 seconds.
Mon Jan 13 18:28:21 2014	Simulation at time: 10.8348 seconds.
Mon Jan 13 18:28:21 2014	Simulation at time: 10.8546 seconds.
Mon Jan 13 18:28:21 2014	Simulation at time: 10.8743 seconds.
Mon Jan 13 18:28:21 2014	Simulation at time: 10.8941 seconds.
Mon Jan 13 18:28:21 2014	Simulation at time: 10.9138 seconds.
Mon Jan 13 18:28:21 2014	Simulation at time: 10.9336 seconds.
Mon Jan 13 18:28:21 2014	Simulation at time: 10.9533 seconds.
Mon Jan 13 18:28:21 2014	Simulation at time: 10.9731 seconds.
Mon Jan 13 18:28:21 2014	Simulation at time: 10.9929 seconds.
Mon Jan 13 18:28:21 2014	Simulation at time: 11.0126 seconds.
Mon Jan 13 18:28:21 2014	Simulation at time: 11.0324 seconds.
Mon Jan 13 18:28:21 2014	Simulation at time: 11.0521 seconds.
Mon Jan 13 18:28:21 2014	Simulation at time: 11.0719 seconds.
Mon Jan 13 18:28:21 2014	Simulation at time: 11.0916 seconds.
Mon Jan 13 18:28:21 2014	Simulation at time: 11.1114 seconds.
Mon Jan 13 18:28:21 2014	Simulation at time: 11.1311 seconds.
Mon Jan 13 18:28:21 2014	Simulation at time: 11.1509 seconds.
Mon Jan 13 18:28:21 2014	Simulation at time: 11.1706 seconds.
Mon Jan 13 18:28:21 2014	Simulation at time: 11.1904 seconds.
Mon Jan 13 18:28:21 2014	Simulation at time: 11.2102 seconds.
Mon Jan 13 18:28:21 2014	Simulation at time: 11.2299 seconds.
Mon Jan 13 18:28:21 2014	Simulation at time: 11.2497 seconds.
Mon Jan 13 18:28:21 2014	Simulation at time: 11.2694 seconds.
Mon Jan 13 18:28:21 2014	Writing output file at time: 11.2694 seconds
Mon Jan 13 18:28:21 2014	Simulation at time: 11.2892 seconds.
Mon Jan 13 18:28:21 2014	Simulation at time: 11.3089 seconds.
Mon Jan 13 18:28:21 2014	Simulation at time: 11.3287 seconds.
Mon Jan 13 18:28:21 2014	Simulation at time: 11.3485 seconds.
Mon Jan 13 18:28:21 2014	Simulation at time: 11.3682 seconds.
Mon Jan 13 18:28:21 2014	Simulation at time: 11.388 seconds.
Mon Jan 13 18:28:21 2014	Simulation at time: 11.4077 seconds.
Mon Jan 13 18:28:21 2014	Simulation at time: 11.4275 seconds.
Mon Jan 13 18:28:21 2014	Simulation at time: 11.4472 seconds.
Mon Jan 13 18:28:21 2014	Simulation at time: 11.467 seconds.
Mon Jan 13 18:28:21 2014	Simulation at time: 11.4868 seconds.
Mon Jan 13 18:28:21 2014	Simulation at time: 11.5065 seconds.
Mon Jan 13 18:28:21 2014	Simulation at time: 11.5263 seconds.
Mon Jan 13 18:28:21 2014	Simulation at time: 11.546 seconds.
Mon Jan 13 18:28:21 2014	Simulation at time: 11.5658 seconds.
Mon Jan 13 18:28:21 2014	Simulation at time: 11.5855 seconds.
Mon Jan 13 18:28:21 2014	Simulation at time: 11.6053 seconds.
Mon Jan 13 18:28:21 2014	Simulation at time: 11.6251 seconds.
Mon Jan 13 18:28:21 2014	Simulation at time: 11.6448 seconds.
Mon Jan 13 18:28:21 2014	Simulation at time: 11.6646 seconds.
Mon Jan 13 18:28:21 2014	Simulation at time: 11.6843 seconds.
Mon Jan 13 18:28:21 2014	Simulation at time: 11.7041 seconds.
Mon Jan 13 18:28:21 2014	Simulation at time: 11.7238 seconds.
Mon Jan 13 18:28:21 2014	Simulation at time: 11.7436 seconds.
Mon Jan 13 18:28:21 2014	Simulation at time: 11.7634 seconds.
Mon Jan 13 18:28:21 2014	Simulation at time: 11.7831 seconds.
Mon Jan 13 18:28:21 2014	Simulation at time: 11.8029 seconds.
Mon Jan 13 18:28:21 2014	Simulation at time: 11.8226 seconds.
Mon Jan 13 18:28:21 2014	Simulation at time: 11.8424 seconds.
Mon Jan 13 18:28:21 2014	Simulation at time: 11.8621 seconds.
Mon Jan 13 18:28:21 2014	Simulation at time: 11.8819 seconds.
Mon Jan 13 18:28:21 2014	Simulation at time: 11.9017 seconds.
Mon Jan 13 18:28:21 2014	Simulation at time: 11.9214 seconds.
Mon Jan 13 18:28:22 2014	Simulation at time: 11.9412 seconds.
Mon Jan 13 18:28:22 2014	Simulation at time: 11.9609 seconds.
Mon Jan 13 18:28:22 2014	Simulation at time: 11.9807 seconds.
Mon Jan 13 18:28:22 2014	Simulation at time: 12.0005 seconds.
Mon Jan 13 18:28:22 2014	Writing output file at time: 12.0005 seconds
Mon Jan 13 18:28:22 2014	Simulation at time: 12.0202 seconds.
Mon Jan 13 18:28:22 2014	Simulation at time: 12.04 seconds.
Mon Jan 13 18:28:22 2014	Simulation at time: 12.0597 seconds.
Mon Jan 13 18:28:22 2014	Simulation at time: 12.0795 seconds.
Mon Jan 13 18:28:22 2014	Simulation at time: 12.0993 seconds.
Mon Jan 13 18:28:22 2014	Simulation at time: 12.119 seconds.
Mon Jan 13 18:28:22 2014	Simulation at time: 12.1388 seconds.
Mon Jan 13 18:28:22 2014	Simulation at time: 12.1585 seconds.
Mon Jan 13 18:28:22 2014	Simulation at time: 12.1783 seconds.
Mon Jan 13 18:28:22 2014	Simulation at time: 12.1981 seconds.
Mon Jan 13 18:28:22 2014	Simulation at time: 12.2178 seconds.
Mon Jan 13 18:28:22 2014	Simulation at time: 12.2376 seconds.
Mon Jan 13 18:28:22 2014	Simulation at time: 12.2573 seconds.
Mon Jan 13 18:28:22 2014	Simulation at time: 12.2771 seconds.
Mon Jan 13 18:28:22 2014	Simulation at time: 12.2969 seconds.
Mon Jan 13 18:28:22 2014	Simulation at time: 12.3166 seconds.
Mon Jan 13 18:28:22 2014	Simulation at time: 12.3364 seconds.
Mon Jan 13 18:28:22 2014	Simulation at time: 12.3561 seconds.
Mon Jan 13 18:28:22 2014	Simulation at time: 12.3759 seconds.
Mon Jan 13 18:28:22 2014	Simulation at time: 12.3957 seconds.
Mon Jan 13 18:28:22 2014	Simulation at time: 12.4154 seconds.
Mon Jan 13 18:28:22 2014	Simulation at time: 12.4352 seconds.
Mon Jan 13 18:28:22 2014	Simulation at time: 12.4549 seconds.
Mon Jan 13 18:28:22 2014	Simulation at time: 12.4747 seconds.
Mon Jan 13 18:28:22 2014	Simulation at time: 12.4945 seconds.
Mon Jan 13 18:28:22 2014	Simulation at time: 12.5142 seconds.
Mon Jan 13 18:28:22 2014	Simulation at time: 12.534 seconds.
Mon Jan 13 18:28:22 2014	Simulation at time: 12.5537 seconds.
Mon Jan 13 18:28:22 2014	Simulation at time: 12.5735 seconds.
Mon Jan 13 18:28:22 2014	Simulation at time: 12.5932 seconds.
Mon Jan 13 18:28:22 2014	Simulation at time: 12.613 seconds.
Mon Jan 13 18:28:22 2014	Simulation at time: 12.6328 seconds.
Mon Jan 13 18:28:22 2014	Simulation at time: 12.6525 seconds.
Mon Jan 13 18:28:22 2014	Simulation at time: 12.6723 seconds.
Mon Jan 13 18:28:22 2014	Simulation at time: 12.692 seconds.
Mon Jan 13 18:28:22 2014	Simulation at time: 12.7118 seconds.
Mon Jan 13 18:28:22 2014	Simulation at time: 12.7316 seconds.
Mon Jan 13 18:28:22 2014	Simulation at time: 12.7513 seconds.
Mon Jan 13 18:28:22 2014	Writing output file at time: 12.7513 seconds
Mon Jan 13 18:28:22 2014	Simulation at time: 12.7711 seconds.
Mon Jan 13 18:28:22 2014	Simulation at time: 12.7908 seconds.
Mon Jan 13 18:28:22 2014	Simulation at time: 12.8106 seconds.
Mon Jan 13 18:28:22 2014	Simulation at time: 12.8304 seconds.
Mon Jan 13 18:28:22 2014	Simulation at time: 12.8501 seconds.
Mon Jan 13 18:28:22 2014	Simulation at time: 12.8699 seconds.
Mon Jan 13 18:28:22 2014	Simulation at time: 12.8896 seconds.
Mon Jan 13 18:28:22 2014	Simulation at time: 12.9094 seconds.
Mon Jan 13 18:28:22 2014	Simulation at time: 12.9292 seconds.
Mon Jan 13 18:28:22 2014	Simulation at time: 12.9489 seconds.
Mon Jan 13 18:28:22 2014	Simulation at time: 12.9687 seconds.
Mon Jan 13 18:28:22 2014	Simulation at time: 12.9884 seconds.
Mon Jan 13 18:28:22 2014	Simulation at time: 13.0082 seconds.
Mon Jan 13 18:28:22 2014	Simulation at time: 13.0279 seconds.
Mon Jan 13 18:28:22 2014	Simulation at time: 13.0477 seconds.
Mon Jan 13 18:28:22 2014	Simulation at time: 13.0675 seconds.
Mon Jan 13 18:28:22 2014	Simulation at time: 13.0872 seconds.
Mon Jan 13 18:28:22 2014	Simulation at time: 13.107 seconds.
Mon Jan 13 18:28:22 2014	Simulation at time: 13.1267 seconds.
Mon Jan 13 18:28:22 2014	Simulation at time: 13.1465 seconds.
Mon Jan 13 18:28:22 2014	Simulation at time: 13.1663 seconds.
Mon Jan 13 18:28:22 2014	Simulation at time: 13.186 seconds.
Mon Jan 13 18:28:22 2014	Simulation at time: 13.2058 seconds.
Mon Jan 13 18:28:22 2014	Simulation at time: 13.2255 seconds.
Mon Jan 13 18:28:22 2014	Simulation at time: 13.2453 seconds.
Mon Jan 13 18:28:22 2014	Simulation at time: 13.2651 seconds.
Mon Jan 13 18:28:22 2014	Simulation at time: 13.2848 seconds.
Mon Jan 13 18:28:22 2014	Simulation at time: 13.3046 seconds.
Mon Jan 13 18:28:22 2014	Simulation at time: 13.3243 seconds.
Mon Jan 13 18:28:22 2014	Simulation at time: 13.3441 seconds.
Mon Jan 13 18:28:22 2014	Simulation at time: 13.3639 seconds.
Mon Jan 13 18:28:22 2014	Simulation at time: 13.3836 seconds.
Mon Jan 13 18:28:22 2014	Simulation at time: 13.4034 seconds.
Mon Jan 13 18:28:22 2014	Simulation at time: 13.4231 seconds.
Mon Jan 13 18:28:22 2014	Simulation at time: 13.4429 seconds.
Mon Jan 13 18:28:22 2014	Simulation at time: 13.4627 seconds.
Mon Jan 13 18:28:22 2014	Simulation at time: 13.4824 seconds.
Mon Jan 13 18:28:22 2014	Simulation at time: 13.5022 seconds.
Mon Jan 13 18:28:22 2014	Writing output file at time: 13.5022 seconds
Mon Jan 13 18:28:22 2014	Simulation at time: 13.5219 seconds.
Mon Jan 13 18:28:22 2014	Simulation at time: 13.5417 seconds.
Mon Jan 13 18:28:22 2014	Simulation at time: 13.5615 seconds.
Mon Jan 13 18:28:22 2014	Simulation at time: 13.5812 seconds.
Mon Jan 13 18:28:22 2014	Simulation at time: 13.601 seconds.
Mon Jan 13 18:28:22 2014	Simulation at time: 13.6207 seconds.
Mon Jan 13 18:28:22 2014	Simulation at time: 13.6405 seconds.
Mon Jan 13 18:28:23 2014	Simulation at time: 13.6603 seconds.
Mon Jan 13 18:28:23 2014	Simulation at time: 13.68 seconds.
Mon Jan 13 18:28:23 2014	Simulation at time: 13.6998 seconds.
Mon Jan 13 18:28:23 2014	Simulation at time: 13.7196 seconds.
Mon Jan 13 18:28:23 2014	Simulation at time: 13.7393 seconds.
Mon Jan 13 18:28:23 2014	Simulation at time: 13.7591 seconds.
Mon Jan 13 18:28:23 2014	Simulation at time: 13.7789 seconds.
Mon Jan 13 18:28:23 2014	Simulation at time: 13.7986 seconds.
Mon Jan 13 18:28:23 2014	Simulation at time: 13.8184 seconds.
Mon Jan 13 18:28:23 2014	Simulation at time: 13.8382 seconds.
Mon Jan 13 18:28:23 2014	Simulation at time: 13.8579 seconds.
Mon Jan 13 18:28:23 2014	Simulation at time: 13.8777 seconds.
Mon Jan 13 18:28:23 2014	Simulation at time: 13.8975 seconds.
Mon Jan 13 18:28:23 2014	Simulation at time: 13.9172 seconds.
Mon Jan 13 18:28:23 2014	Simulation at time: 13.937 seconds.
Mon Jan 13 18:28:23 2014	Simulation at time: 13.9568 seconds.
Mon Jan 13 18:28:23 2014	Simulation at time: 13.9765 seconds.
Mon Jan 13 18:28:23 2014	Simulation at time: 13.9963 seconds.
Mon Jan 13 18:28:23 2014	Simulation at time: 14.0161 seconds.
Mon Jan 13 18:28:23 2014	Simulation at time: 14.0359 seconds.
Mon Jan 13 18:28:23 2014	Simulation at time: 14.0556 seconds.
Mon Jan 13 18:28:23 2014	Simulation at time: 14.0754 seconds.
Mon Jan 13 18:28:23 2014	Simulation at time: 14.0952 seconds.
Mon Jan 13 18:28:23 2014	Simulation at time: 14.115 seconds.
Mon Jan 13 18:28:23 2014	Simulation at time: 14.1347 seconds.
Mon Jan 13 18:28:23 2014	Simulation at time: 14.1545 seconds.
Mon Jan 13 18:28:23 2014	Simulation at time: 14.1743 seconds.
Mon Jan 13 18:28:23 2014	Simulation at time: 14.1941 seconds.
Mon Jan 13 18:28:23 2014	Simulation at time: 14.2139 seconds.
Mon Jan 13 18:28:23 2014	Simulation at time: 14.2336 seconds.
Mon Jan 13 18:28:23 2014	Simulation at time: 14.2534 seconds.
Mon Jan 13 18:28:23 2014	Writing output file at time: 14.2534 seconds
Mon Jan 13 18:28:23 2014	Simulation at time: 14.2732 seconds.
Mon Jan 13 18:28:23 2014	Simulation at time: 14.293 seconds.
Mon Jan 13 18:28:23 2014	Simulation at time: 14.3128 seconds.
Mon Jan 13 18:28:23 2014	Simulation at time: 14.3326 seconds.
Mon Jan 13 18:28:23 2014	Simulation at time: 14.3524 seconds.
Mon Jan 13 18:28:23 2014	Simulation at time: 14.3722 seconds.
Mon Jan 13 18:28:23 2014	Simulation at time: 14.3919 seconds.
Mon Jan 13 18:28:23 2014	Simulation at time: 14.4117 seconds.
Mon Jan 13 18:28:23 2014	Simulation at time: 14.4315 seconds.
Mon Jan 13 18:28:23 2014	Simulation at time: 14.4513 seconds.
Mon Jan 13 18:28:23 2014	Simulation at time: 14.4711 seconds.
Mon Jan 13 18:28:23 2014	Simulation at time: 14.4909 seconds.
Mon Jan 13 18:28:23 2014	Simulation at time: 14.5107 seconds.
Mon Jan 13 18:28:23 2014	Simulation at time: 14.5305 seconds.
Mon Jan 13 18:28:23 2014	Simulation at time: 14.5503 seconds.
Mon Jan 13 18:28:23 2014	Simulation at time: 14.5701 seconds.
Mon Jan 13 18:28:23 2014	Simulation at time: 14.5899 seconds.
Mon Jan 13 18:28:23 2014	Simulation at time: 14.6097 seconds.
Mon Jan 13 18:28:23 2014	Simulation at time: 14.6294 seconds.
Mon Jan 13 18:28:23 2014	Simulation at time: 14.6492 seconds.
Mon Jan 13 18:28:23 2014	Simulation at time: 14.669 seconds.
Mon Jan 13 18:28:23 2014	Simulation at time: 14.6888 seconds.
Mon Jan 13 18:28:23 2014	Simulation at time: 14.7086 seconds.
Mon Jan 13 18:28:23 2014	Simulation at time: 14.7284 seconds.
Mon Jan 13 18:28:23 2014	Simulation at time: 14.7482 seconds.
Mon Jan 13 18:28:23 2014	Simulation at time: 14.768 seconds.
Mon Jan 13 18:28:23 2014	Simulation at time: 14.7878 seconds.
Mon Jan 13 18:28:23 2014	Simulation at time: 14.8076 seconds.
Mon Jan 13 18:28:23 2014	Simulation at time: 14.8274 seconds.
Mon Jan 13 18:28:23 2014	Simulation at time: 14.8472 seconds.
Mon Jan 13 18:28:23 2014	Simulation at time: 14.867 seconds.
Mon Jan 13 18:28:23 2014	Simulation at time: 14.8867 seconds.
Mon Jan 13 18:28:23 2014	Simulation at time: 14.9065 seconds.
Mon Jan 13 18:28:23 2014	Simulation at time: 14.9263 seconds.
Mon Jan 13 18:28:23 2014	Simulation at time: 14.9461 seconds.
Mon Jan 13 18:28:23 2014	Simulation at time: 14.9659 seconds.
Mon Jan 13 18:28:23 2014	Simulation at time: 14.9857 seconds.
Mon Jan 13 18:28:23 2014	Simulation at time: 15.0055 seconds.
Mon Jan 13 18:28:23 2014	Writing output file at time: 15.0055 seconds

------------------------------------------------------------------
Mon Jan 13 18:28:23 2014	Simulation finished. Printing statistics for each process.
------------------------------------------------------------------
Mon Jan 13 18:28:23 2014	process 0 - CPU time: 8.58 seconds
Mon Jan 13 18:28:23 2014	process 0 - wall clock time: 8 seconds
Mon Jan 13 18:28:23 2014	761 iterations done
[.0]EPIK: Closing experiment ./epik_SWE_intel_release_none_fwavevec_vec_Ox1_trace [0.000GB] (max 308030)
[.0]EPIK: Flushed 308030 bytes to file ./SWE_intel_release_none_fwavevec_vec_Ox1_trace.FFFFFFFFA8C00200.21704.0.elg
[.0]EPIK: Largest definitions buffer 4995 bytes
[.0]EPIK: 20 unique paths (22 max paths, 6 max frames, 0 unknowns)
[.0]EPIK: Unifying... done (0.005s)
[.0]EPIK: Collating... done (0.001s)
[.0]EPIK: Merging thread traces...
[.0]EPIK: Merging thread traces... (0.035s)
[.0]EPIK: 1flush=0.000GB@10.863MB/s, Pflush=0.000GB@0.000MB/s
[.0]EPIK: Closed experiment ./epik_SWE_intel_release_none_fwavevec_vec_Ox1_trace (0.068s) maxHeap(0)=7.941/7.941MB

*************************************************************
SWE finished successfully.
*************************************************************
S=C=A=N: Mon Jan 13 18:28:23 2014: Collect done (status=0) 10s
